<?xml version="1.0" encoding="UTF-8"?>
<!-- Generated by org.testng.reporters.JUnitReportReporter -->
<testsuite hostname="DESKTOP-JQHDF31" failures="0" tests="6" name="com.testNGflip.FlipkartTestNG" time="105.635" errors="0" timestamp="2022-11-18T14:31:54 IST" skipped="1">
  <testcase classname="com.testNGflip.FlipkartTestNG" name="browserLaunch" time="85.530"/>
  <system-out/>
  <testcase classname="com.testNGflip.FlipkartTestNG" name="dismissPopup" time="4.516"/>
  <system-out/>
  <testcase classname="com.testNGflip.FlipkartTestNG" name="searchProduct" time="1.072"/>
  <system-out/>
  <testcase classname="com.testNGflip.FlipkartTestNG" name="clickSearchButton" time="0.403"/>
  <system-out/>
  <testcase classname="com.testNGflip.FlipkartTestNG" name="getTextOfProducts" time="14.114"/>
  <system-out/>
  <testcase classname="com.testNGflip.FlipkartTestNG" name="takeScreenshot">
    <skipped/>
  </testcase> <!-- takeScreenshot -->
  <system-out/>
</testsuite> <!-- com.testNGflip.FlipkartTestNG -->
